INFO: Found elm at /usr/local/bin/elm
INFO: Found elm 0.19.0
INFO: Found elm-format at /usr/local/bin/elm-format
INFO: Found elm-format 0.8.1
INFO: Cleaning ./elm-stuff before upgrading
INFO: Converting elm-package.json -> elm.json
INFO: Detected an application project (this project has no exposed modules)
INFO: Installing latest version of billstclair/elm-crypto-aes
WARNING: billstclair/elm-recovered-utf8 has not been upgraded to 0.19 yet!
INFO: Installing latest version of elm-community/array-extra
INFO: Installing latest version of elm-community/list-extra
INFO: Switching from elm-lang/core (deprecated) to elm/core
INFO: Installing latest version of elm/core
INFO: Detected use of elm-lang/core#Random; installing elm/random
INFO: Detected use of elm-lang/core#Time; installing elm/time
INFO: Detected use of elm-lang/core#Regex; installing elm/regex
INFO: Switching from elm-lang/html (deprecated) to elm/html
INFO: Installing latest version of elm/html
INFO: Switching from elm-lang/http (deprecated) to elm/http
INFO: Installing latest version of elm/http
INFO: Installing latest version of ktonon/elm-crypto
INFO: Switching from rtfeldman/hex (deprecated) to rtfeldman/elm-hex
INFO: Installing latest version of rtfeldman/elm-hex
INFO: Installing latest version of waratuman/elm-coder
INFO: Upgrading *.elm files in ./
INFO: Upgrading *.elm files in ../src/


SUCCESS! Your project's dependencies and code have been upgraded.
However, your project may not yet compile due to API changes in your
dependencies.

See <https://github.com/elm/compiler/blob/master/upgrade-docs/0.19.md>
and the documentation for your dependencies for more information.

WARNING! 1 of your dependencies have not yet been upgraded to
support Elm 0.19.
  - https://github.com/billstclair/elm-recovered-utf8

Here are some common upgrade steps that you will need to do manually:

- elm/core
  - [ ] Replace uses of toString with String.fromInt, String.fromFloat, or Debug.toString as appropriate
- undefined
  - [ ] Read the new documentation here: https://package.elm-lang.org/packages/elm/time/latest/
  - [ ] Replace uses of Date and Time with Time.Posix
- elm/html
  - [ ] If you used Html.program*, install elm/browser and switch to Browser.element or Browser.document
  - [ ] If you used Html.beginnerProgram, install elm/browser and switch Browser.sandbox

